<?xml version="1.0" encoding="UTF-8"?>
<testsuite name="masterwork.myStore.TC06_ProductListingTest" tests="1" skipped="0" failures="0" errors="0" timestamp="2021-07-31T12:16:45" hostname="DESKTOP-3C7LH7J" time="4.831">
  <properties/>
  <testcase name="Product listing success" classname="masterwork.myStore.TC06_ProductListingTest" time="4.831"/>
  <system-out><![CDATA[]]></system-out>
  <system-err><![CDATA[[Test worker] INFO io.github.bonigarcia.wdm.WebDriverManager - Using chromedriver 92.0.4515.107 (resolved driver for Chrome 92)
[Test worker] INFO io.github.bonigarcia.wdm.WebDriverManager - Exporting webdriver.chrome.driver as C:\Users\BOB\.cache\selenium\chromedriver\win32\92.0.4515.107\chromedriver.exe
Starting ChromeDriver 92.0.4515.107 (87a818b10553a07434ea9e2b6dccf3cbe7895134-refs/branch-heads/4515@{#1634}) on port 45187
Only local connections are allowed.
Please see https://chromedriver.chromium.org/security-considerations for suggestions on keeping ChromeDriver safe.
ChromeDriver was started successfully.
júl. 31, 2021 2:16:45 DU org.openqa.selenium.remote.ProtocolHandshake createSession
INFO: Detected dialect: W3C
]]></system-err>
</testsuite>
