<?xml version="1.0" encoding="UTF-8"?>
<testsuite name="masterwork.myStore.TC10_PasswordChangingSuccessTest" tests="1" skipped="0" failures="0" errors="0" timestamp="2021-07-31T12:56:35" hostname="DESKTOP-3C7LH7J" time="9.544">
  <properties/>
  <testcase name="Data changing success" classname="masterwork.myStore.TC10_PasswordChangingSuccessTest" time="9.544"/>
  <system-out><![CDATA[]]></system-out>
  <system-err><![CDATA[[Test worker] INFO io.github.bonigarcia.wdm.WebDriverManager - Using chromedriver 92.0.4515.107 (resolved driver for Chrome 92)
[Test worker] INFO io.github.bonigarcia.wdm.WebDriverManager - Exporting webdriver.chrome.driver as C:\Users\BOB\.cache\selenium\chromedriver\win32\92.0.4515.107\chromedriver.exe
Starting ChromeDriver 92.0.4515.107 (87a818b10553a07434ea9e2b6dccf3cbe7895134-refs/branch-heads/4515@{#1634}) on port 46383
Only local connections are allowed.
Please see https://chromedriver.chromium.org/security-considerations for suggestions on keeping ChromeDriver safe.
ChromeDriver was started successfully.
júl. 31, 2021 2:56:34 DU org.openqa.selenium.remote.ProtocolHandshake createSession
INFO: Detected dialect: W3C
]]></system-err>
</testsuite>
